<?xml version="1.0" encoding="UTF-8"?>
<!-- Generated by org.testng.reporters.JUnitXMLReporter -->
<testsuite ignored="0" hostname="IN-2Q6WPQ3" failures="7" tests="50" name="Test" time="919.387" errors="0" timestamp="2022-11-17T19:30:57 IST">
  <testcase classname="saucelabs.Loginpage" name="TC_001" time="4.424"/>
  <testcase classname="saucelabs.Loginpage" name="TC_002" time="4.15"/>
  <testcase classname="saucelabs.Loginfunctions" name="TC_003" time="0.345"/>
  <testcase classname="saucelabs.Loginfunctions" name="TC_004" time="0.336"/>
  <testcase classname="saucelabs.Loginfunctions" name="TC_005" time="0.323"/>
  <testcase classname="saucelabs.Loginfunctions" name="TC_006" time="0.309"/>
  <testcase classname="saucelabs.Loginfunctions" name="TC_007" time="0.321"/>
  <testcase classname="saucelabs.Loginfunctions" name="TC_008" time="0.279"/>
  <testcase classname="saucelabs.Loginfunctions" name="TC_009" time="0.431"/>
  <testcase classname="saucelabs.productpage" name="TC_010" time="0.042"/>
  <testcase classname="saucelabs.productpage" name="TC_011" time="0.098"/>
  <testcase classname="saucelabs.productpage" name="TC_012" time="0.165"/>
  <testcase classname="saucelabs.productpage" name="TC_013" time="5.152"/>
  <testcase classname="saucelabs.productpage" name="TC_014" time="0.134"/>
  <testcase classname="saucelabs.productpage" name="TC_015" time="3.651"/>
  <testcase classname="saucelabs.productdetailspage" name="TC_016" time="0.011"/>
  <testcase classname="saucelabs.productdetailspage" name="TC_017" time="0.106"/>
  <testcase classname="saucelabs.productdetailspage" name="TC_018" time="2.251"/>
  <testcase classname="saucelabs.filteroption" name="TC_019" time="2.293"/>
  <testcase classname="saucelabs.filteroption" name="TC_020" time="2.458"/>
  <testcase classname="saucelabs.filteroption" name="TC_021" time="2.376"/>
  <testcase classname="saucelabs.filteroption" name="TC_022" time="2.339"/>
  <testcase classname="saucelabs.filteroption" name="TC_023" time="2.395">
    <failure type="java.lang.ArrayIndexOutOfBoundsException" message="Index 6 out of bounds for length 6">
      <![CDATA[java.lang.ArrayIndexOutOfBoundsException: Index 6 out of bounds for length 6
at saucelabs.filteroption.TC_023(filteroption.java:121)
at java.base/java.util.ArrayList.forEach(ArrayList.java:1511)
at java.base/java.util.concurrent.FutureTask.run(FutureTask.java:264)
at java.base/java.util.concurrent.ThreadPoolExecutor.runWorker(ThreadPoolExecutor.java:1136)
at java.base/java.util.concurrent.ThreadPoolExecutor$Worker.run(ThreadPoolExecutor.java:635)
at java.base/java.lang.Thread.run(Thread.java:833)
... Removed 17 stack frames]]>
    </failure>
  </testcase> <!-- TC_023 -->
  <testcase classname="saucelabs.menuoption" name="TC_024" time="0.078"/>
  <testcase classname="saucelabs.menuoption" name="TC_025" time="6.255"/>
  <testcase classname="saucelabs.menuoption" name="TC_026" time="0.072"/>
  <testcase classname="saucelabs.menuoption" name="TC_027" time="0.078"/>
  <testcase classname="saucelabs.menuoption" name="TC_028" time="2.14"/>
  <testcase classname="saucelabs.Socialmedia" name="TC_029" time="3.216"/>
  <testcase classname="saucelabs.Socialmedia" name="TC_030" time="3.171"/>
  <testcase classname="saucelabs.Socialmedia" name="TC_031" time="3.621"/>
  <testcase classname="saucelabs.Yourcart" name="TC_032" time="0.053">
    <failure type="java.lang.AssertionError" message="expected [true] but found [false]">
      <![CDATA[java.lang.AssertionError: expected [true] but found [false]
at saucelabs.Yourcart.TC_032(Yourcart.java:34)
at java.base/java.util.ArrayList.forEach(ArrayList.java:1511)
at java.base/java.util.concurrent.FutureTask.run(FutureTask.java:264)
at java.base/java.util.concurrent.ThreadPoolExecutor.runWorker(ThreadPoolExecutor.java:1136)
at java.base/java.util.concurrent.ThreadPoolExecutor$Worker.run(ThreadPoolExecutor.java:635)
at java.base/java.lang.Thread.run(Thread.java:833)
... Removed 23 stack frames]]>
    </failure>
  </testcase> <!-- TC_032 -->
  <testcase classname="saucelabs.Yourcart" name="TC_033" time="0.188"/>
  <testcase classname="saucelabs.Yourcart" name="TC_034" time="0.084"/>
  <testcase classname="saucelabs.Yourcart" name="TC_035" time="0.108"/>
  <testcase classname="saucelabs.Yourcart" name="TC_036" time="0.152">
    <failure type="java.lang.AssertionError" message="expected [https://www.saucedemo.com/cart.html] but found [https://www.saucedemo.com/checkout-step-one.html]">
      <![CDATA[java.lang.AssertionError: expected [https://www.saucedemo.com/cart.html] but found [https://www.saucedemo.com/checkout-step-one.html]
at saucelabs.Yourcart.TC_036(Yourcart.java:65)
at java.base/java.util.ArrayList.forEach(ArrayList.java:1511)
at java.base/java.util.concurrent.FutureTask.run(FutureTask.java:264)
at java.base/java.util.concurrent.ThreadPoolExecutor.runWorker(ThreadPoolExecutor.java:1136)
at java.base/java.util.concurrent.ThreadPoolExecutor$Worker.run(ThreadPoolExecutor.java:635)
at java.base/java.lang.Thread.run(Thread.java:833)
... Removed 23 stack frames]]>
    </failure>
  </testcase> <!-- TC_036 -->
  <testcase classname="saucelabs.Checkoutyourinfo" name="TC_037" time="0.39"/>
  <testcase classname="saucelabs.Checkoutyourinfo" name="TC_038" time="0.367"/>
  <testcase classname="saucelabs.Checkoutyourinfo" name="TC_039" time="0.358"/>
  <testcase classname="saucelabs.Checkoutyourinfo" name="TC_040" time="0.345"/>
  <testcase classname="saucelabs.Checkoutyourinfo" name="TC_041" time="0.118"/>
  <testcase classname="saucelabs.Checkoutyourinfo" name="TC_42" time="2.384">
    <failure type="java.lang.AssertionError" message="expected [https://www.saucedemo.com/checkout-step-one.html] but found [https://www.saucedemo.com/checkout-step-two.html]">
      <![CDATA[java.lang.AssertionError: expected [https://www.saucedemo.com/checkout-step-one.html] but found [https://www.saucedemo.com/checkout-step-two.html]
at saucelabs.Checkoutyourinfo.TC_42(Checkoutyourinfo.java:76)
at java.base/java.util.ArrayList.forEach(ArrayList.java:1511)
at java.base/java.util.concurrent.FutureTask.run(FutureTask.java:264)
at java.base/java.util.concurrent.ThreadPoolExecutor.runWorker(ThreadPoolExecutor.java:1136)
at java.base/java.util.concurrent.ThreadPoolExecutor$Worker.run(ThreadPoolExecutor.java:635)
at java.base/java.lang.Thread.run(Thread.java:833)
... Removed 23 stack frames]]>
    </failure>
  </testcase> <!-- TC_42 -->
  <testcase classname="saucelabs.Checkoutyourinfo" name="TC_43" time="2.402">
    <failure type="java.lang.AssertionError" message="expected [https://www.saucedemo.com/checkout-step-one.html] but found [https://www.saucedemo.com/checkout-step-two.html]">
      <![CDATA[java.lang.AssertionError: expected [https://www.saucedemo.com/checkout-step-one.html] but found [https://www.saucedemo.com/checkout-step-two.html]
at saucelabs.Checkoutyourinfo.TC_43(Checkoutyourinfo.java:85)
at java.base/java.util.ArrayList.forEach(ArrayList.java:1511)
at java.base/java.util.concurrent.FutureTask.run(FutureTask.java:264)
at java.base/java.util.concurrent.ThreadPoolExecutor.runWorker(ThreadPoolExecutor.java:1136)
at java.base/java.util.concurrent.ThreadPoolExecutor$Worker.run(ThreadPoolExecutor.java:635)
at java.base/java.lang.Thread.run(Thread.java:833)
... Removed 23 stack frames]]>
    </failure>
  </testcase> <!-- TC_43 -->
  <testcase classname="saucelabs.Checkoutyourinfo" name="TC_44" time="2.398">
    <failure type="java.lang.AssertionError" message="expected [https://www.saucedemo.com/checkout-step-one.html] but found [https://www.saucedemo.com/checkout-step-two.html]">
      <![CDATA[java.lang.AssertionError: expected [https://www.saucedemo.com/checkout-step-one.html] but found [https://www.saucedemo.com/checkout-step-two.html]
at saucelabs.Checkoutyourinfo.TC_44(Checkoutyourinfo.java:94)
at java.base/java.util.ArrayList.forEach(ArrayList.java:1511)
at java.base/java.util.concurrent.FutureTask.run(FutureTask.java:264)
at java.base/java.util.concurrent.ThreadPoolExecutor.runWorker(ThreadPoolExecutor.java:1136)
at java.base/java.util.concurrent.ThreadPoolExecutor$Worker.run(ThreadPoolExecutor.java:635)
at java.base/java.lang.Thread.run(Thread.java:833)
... Removed 23 stack frames]]>
    </failure>
  </testcase> <!-- TC_44 -->
  <testcase classname="saucelabs.Checkoutyourinfo" name="TC_45" time="2.396">
    <failure type="java.lang.AssertionError" message="expected [https://www.saucedemo.com/checkout-step-one.html] but found [https://www.saucedemo.com/checkout-step-two.html]">
      <![CDATA[java.lang.AssertionError: expected [https://www.saucedemo.com/checkout-step-one.html] but found [https://www.saucedemo.com/checkout-step-two.html]
at saucelabs.Checkoutyourinfo.TC_45(Checkoutyourinfo.java:103)
at java.base/java.util.ArrayList.forEach(ArrayList.java:1511)
at java.base/java.util.concurrent.FutureTask.run(FutureTask.java:264)
at java.base/java.util.concurrent.ThreadPoolExecutor.runWorker(ThreadPoolExecutor.java:1136)
at java.base/java.util.concurrent.ThreadPoolExecutor$Worker.run(ThreadPoolExecutor.java:635)
at java.base/java.lang.Thread.run(Thread.java:833)
... Removed 23 stack frames]]>
    </failure>
  </testcase> <!-- TC_45 -->
  <testcase classname="saucelabs.Checkoutyourinfo" name="TC_46" time="0.091"/>
  <testcase classname="saucelabs.Overviewpage" name="TC_047" time="2.675"/>
  <testcase classname="saucelabs.Completepage" name="TC_048" time="0.033"/>
  <testcase classname="saucelabs.Completepage" name="TC_049" time="0.128"/>
  <testcase classname="saucelabs.Autologoutfunction" name="TC_050" time="600.231"/>
</testsuite> <!-- Test -->
